2014/10/01 02:12:31 [error] [exception.CHttpException.404] exception 'CHttpException' with message 'The system is unable to find the requested action "index-test".' in /home/ahm_rudi/Workspaces/framework/web/CController.php:483
Stack trace:
#0 /home/ahm_rudi/Workspaces/framework/web/CController.php(270): CController->missingAction('index-test')
#1 /home/ahm_rudi/Workspaces/framework/web/CWebApplication.php(282): CController->run('index-test')
#2 /home/ahm_rudi/Workspaces/framework/web/CWebApplication.php(141): CWebApplication->runController('site/index-test')
#3 /home/ahm_rudi/Workspaces/framework/base/CApplication.php(180): CWebApplication->processRequest()
#4 /home/ahm_rudi/Workspaces/winsho01/index.php(13): CApplication->run()
#5 {main}
REQUEST_URI=/winsho01/site/index-test
---
2014/10/01 02:12:44 [error] [exception.CHttpException.404] exception 'CHttpException' with message 'Unable to resolve the request "index-test".' in /home/ahm_rudi/Workspaces/framework/web/CWebApplication.php:286
Stack trace:
#0 /home/ahm_rudi/Workspaces/framework/web/CWebApplication.php(141): CWebApplication->runController('index-test')
#1 /home/ahm_rudi/Workspaces/framework/base/CApplication.php(180): CWebApplication->processRequest()
#2 /home/ahm_rudi/Workspaces/winsho01/index.php(13): CApplication->run()
#3 {main}
REQUEST_URI=/winsho01/index-test
---
2014/10/01 02:12:53 [error] [exception.CHttpException.404] exception 'CHttpException' with message 'Unable to resolve the request "index-test".' in /home/ahm_rudi/Workspaces/framework/web/CWebApplication.php:286
Stack trace:
#0 /home/ahm_rudi/Workspaces/framework/web/CWebApplication.php(141): CWebApplication->runController('index-test')
#1 /home/ahm_rudi/Workspaces/framework/base/CApplication.php(180): CWebApplication->processRequest()
#2 /home/ahm_rudi/Workspaces/winsho01/index.php(13): CApplication->run()
#3 {main}
REQUEST_URI=/winsho01/index-test.html
---
